<?xml version="1.0" encoding="UTF-8"?>
<!-- Generated by org.testng.reporters.JUnitXMLReporter -->
<testsuite hostname="DESKTOP-F976HRB" ignored="0" name="Default test" tests="10" failures="0" timestamp="20 Mar 2023 01:24:29 GMT" time="194.282" errors="0">
  <testcase name="validateCheckoutPage" time="25.603" classname="com.vcentry.lab.testCases.CheckOutPageValidator"/>
  <testcase name="validateCheckoutPage" time="16.096" classname="com.vcentry.lab.testCases.CheckOutPageValidator"/>
  <testcase name="validateCheckoutPage" time="13.538" classname="com.vcentry.lab.testCases.CheckOutPageValidator"/>
  <testcase name="validateCheckoutPage" time="16.247" classname="com.vcentry.lab.testCases.CheckOutPageValidator"/>
  <testcase name="validateCheckoutPage" time="15.965" classname="com.vcentry.lab.testCases.CheckOutPageValidator"/>
  <testcase name="validateCheckoutPage" time="16.766" classname="com.vcentry.lab.testCases.CheckOutPageValidator"/>
  <testcase name="validateCheckoutPage" time="20.759" classname="com.vcentry.lab.testCases.CheckOutPageValidator"/>
  <testcase name="validateCheckoutPage" time="17.345" classname="com.vcentry.lab.testCases.CheckOutPageValidator"/>
  <testcase name="validateCheckoutPage" time="17.551" classname="com.vcentry.lab.testCases.CheckOutPageValidator"/>
  <testcase name="validateCheckoutPage" time="12.822" classname="com.vcentry.lab.testCases.CheckOutPageValidator"/>
</testsuite> <!-- Default test -->
